<?xml version="1.0" encoding="UTF-8"?>
<!-- Generated by org.testng.reporters.JUnitXMLReporter -->
<testsuite hostname="LAPTOP-O1ADAID9" ignored="0" tests="0" failures="0" timestamp="2021-05-27T13:22:14 IST" time="0.016" errors="0">
  <testcase name="@AfterTest closeBrowser" time="0.0" classname="com.nopCommerce.TestRunner.nopCommerce_testrunner">
    <failure type="java.lang.NullPointerException">
      <![CDATA[java.lang.NullPointerException
at com.nopCommerce.common.utils.TestBase.tearDown(TestBase.java:100)
at com.nopCommerce.TestRunner.nopCommerce_testrunner.closeBrowser(nopCommerce_testrunner.java:77)
... Removed 24 stack frames]]>
    </failure>
  </testcase> <!-- @AfterTest closeBrowser -->
</testsuite>
