<?xml version="1.0" encoding="UTF-8"?>
<testng-results skipped="0" failed="0" ignored="0" total="1" passed="1">
  <reporter-output>
  </reporter-output>
  <suite name="Suite" duration-ms="5199" started-at="2023-08-03T12:23:14 EDT" finished-at="2023-08-03T12:23:19 EDT">
    <groups>
    </groups>
    <test name="Test" duration-ms="5199" started-at="2023-08-03T12:23:14 EDT" finished-at="2023-08-03T12:23:19 EDT">
      <class name="SeleniumGrid.StandAlone_Parallel">
        <test-method status="PASS" signature="setup(java.lang.String)[pri:0, instance:SeleniumGrid.StandAlone_Parallel@670b40af]" name="setup" is-config="true" duration-ms="3179" started-at="2023-08-03T12:23:14 EDT" finished-at="2023-08-03T12:23:17 EDT">
          <params>
            <param index="0">
              <value>
                <![CDATA[chrome]]>
              </value>
            </param>
          </params>
          <reporter-output>
          </reporter-output>
        </test-method> <!-- setup -->
        <test-method status="PASS" signature="maintest()[pri:0, instance:SeleniumGrid.StandAlone_Parallel@670b40af]" name="maintest" duration-ms="1724" started-at="2023-08-03T12:23:17 EDT" finished-at="2023-08-03T12:23:19 EDT">
          <reporter-output>
          </reporter-output>
        </test-method> <!-- maintest -->
        <test-method status="PASS" signature="tearDown()[pri:0, instance:SeleniumGrid.StandAlone_Parallel@670b40af]" name="tearDown" is-config="true" duration-ms="233" started-at="2023-08-03T12:23:19 EDT" finished-at="2023-08-03T12:23:19 EDT">
          <reporter-output>
          </reporter-output>
        </test-method> <!-- tearDown -->
      </class> <!-- SeleniumGrid.StandAlone_Parallel -->
    </test> <!-- Test -->
  </suite> <!-- Suite -->
</testng-results>
